<?xml version="1.0" encoding="UTF-8"?>
<!-- Generated by org.testng.reporters.JUnitXMLReporter -->
<testsuite hostname="DESKTOP-US40NQO" ignored="0" name="Failed Test" tests="1" failures="1" timestamp="2022-01-05T13:28:15 MST" time="15.149" errors="0">
  <testcase name="FailedTestCase" time="13.702" classname="Academy.FailedTest">
    <failure type="java.lang.AssertionError" message="expected [Incorrect Title] but found [An Academy to Learn Earn &amp;amp; Shine  in your QA Career]">
      <![CDATA[java.lang.AssertionError: expected [Incorrect Title] but found [An Academy to Learn Earn & Shine  in your QA Career]
at Academy.FailedTest.FailedTestCase(FailedTest.java:34)
at java.util.ArrayList.forEach(Unknown Source)
... Removed 33 stack frames]]>
    </failure>
  </testcase> <!-- FailedTestCase -->
</testsuite> <!-- Failed Test -->
