<?xml version="1.0" encoding="UTF-8"?>
<!-- Generated by org.testng.reporters.JUnitXMLReporter -->
<testsuite hostname="DESKTOP-US40NQO" ignored="0" name="Test" tests="3" failures="0" timestamp="2021-12-30T13:35:11 MST" time="28.705" errors="0">
  <testcase name="homePageNavigation" time="14.155" classname="Academy.HomePageTest"/>
  <testcase name="homePageNavigation" time="3.628" classname="Academy.HomePageTest"/>
  <testcase name="homePageNavigation" time="6.155" classname="Academy.LandingPageTest"/>
</testsuite> <!-- Test -->
